\BOOKMARK [0][-]{chapter.1}{1 Getting started with qplot}{}% 1
\BOOKMARK [1][-]{section.1.1}{1.1 Introduction}{chapter.1}% 2
\BOOKMARK [1][-]{section.1.2}{1.2 Datasets}{chapter.1}% 3
\BOOKMARK [1][-]{section.1.3}{1.3 Basic use}{chapter.1}% 4
\BOOKMARK [1][-]{section.1.4}{1.4 Colour, size, shape and other aesthetic attributes}{chapter.1}% 5
\BOOKMARK [1][-]{section.1.5}{1.5 Plot geoms}{chapter.1}% 6
\BOOKMARK [2][-]{subsection.1.5.1}{1.5.1 Adding a smoother to a plot}{section.1.5}% 7
\BOOKMARK [2][-]{subsection.1.5.2}{1.5.2 Boxplots and jittered points}{section.1.5}% 8
\BOOKMARK [2][-]{subsection.1.5.3}{1.5.3 Histogram and density plots}{section.1.5}% 9
\BOOKMARK [2][-]{subsection.1.5.4}{1.5.4 Bar charts}{section.1.5}% 10
\BOOKMARK [2][-]{subsection.1.5.5}{1.5.5 Time series with line and path plots}{section.1.5}% 11
\BOOKMARK [1][-]{section.1.6}{1.6 Faceting}{chapter.1}% 12
\BOOKMARK [1][-]{section.1.7}{1.7 Other options}{chapter.1}% 13
\BOOKMARK [1][-]{section.1.8}{1.8 Differences from plot}{chapter.1}% 14
\BOOKMARK [0][-]{chapter.2}{2 Mastering the grammar}{}% 15
\BOOKMARK [1][-]{section.2.1}{2.1 Introduction}{chapter.2}% 16
\BOOKMARK [1][-]{section.2.2}{2.2 Fuel economy data}{chapter.2}% 17
\BOOKMARK [1][-]{section.2.3}{2.3 Building a scatterplot}{chapter.2}% 18
\BOOKMARK [1][-]{section.2.4}{2.4 A more complex plot}{chapter.2}% 19
\BOOKMARK [1][-]{section.2.5}{2.5 Components of the layered grammar}{chapter.2}% 20
\BOOKMARK [2][-]{subsection.2.5.1}{2.5.1 Layers}{section.2.5}% 21
\BOOKMARK [2][-]{subsection.2.5.2}{2.5.2 Scales}{section.2.5}% 22
\BOOKMARK [2][-]{subsection.2.5.3}{2.5.3 Coordinate system}{section.2.5}% 23
\BOOKMARK [2][-]{subsection.2.5.4}{2.5.4 Faceting}{section.2.5}% 24
\BOOKMARK [1][-]{section.2.6}{2.6 Data structures}{chapter.2}% 25
\BOOKMARK [0][-]{chapter.3}{3 Build a plot layer by layer}{}% 26
\BOOKMARK [1][-]{section.3.1}{3.1 Introduction}{chapter.3}% 27
\BOOKMARK [1][-]{section.3.2}{3.2 Creating a plot}{chapter.3}% 28
\BOOKMARK [1][-]{section.3.3}{3.3 Layers}{chapter.3}% 29
\BOOKMARK [1][-]{section.3.4}{3.4 Data}{chapter.3}% 30
\BOOKMARK [1][-]{section.3.5}{3.5 Aesthetic mappings}{chapter.3}% 31
\BOOKMARK [2][-]{subsection.3.5.1}{3.5.1 Plots and layers}{section.3.5}% 32
\BOOKMARK [2][-]{subsection.3.5.2}{3.5.2 Setting vs. mapping}{section.3.5}% 33
\BOOKMARK [2][-]{subsection.3.5.3}{3.5.3 Grouping}{section.3.5}% 34
\BOOKMARK [2][-]{subsection.3.5.4}{3.5.4 Matching aesthetics to graphic objects}{section.3.5}% 35
\BOOKMARK [1][-]{section.3.6}{3.6 Geoms}{chapter.3}% 36
\BOOKMARK [1][-]{section.3.7}{3.7 Stat}{chapter.3}% 37
\BOOKMARK [1][-]{section.3.8}{3.8 Position adjustments}{chapter.3}% 38
\BOOKMARK [1][-]{section.3.9}{3.9 Pulling it all together}{chapter.3}% 39
\BOOKMARK [2][-]{subsection.3.9.1}{3.9.1 Combining geoms and stats}{section.3.9}% 40
\BOOKMARK [2][-]{subsection.3.9.2}{3.9.2 Displaying precomputed statistics}{section.3.9}% 41
\BOOKMARK [2][-]{subsection.3.9.3}{3.9.3 Varying aesthetics and data}{section.3.9}% 42
\BOOKMARK [0][-]{chapter.4}{4 Toolbox}{}% 43
\BOOKMARK [1][-]{section.4.1}{4.1 Introduction}{chapter.4}% 44
\BOOKMARK [1][-]{section.4.2}{4.2 Overall layering strategy}{chapter.4}% 45
\BOOKMARK [1][-]{section.4.3}{4.3 Basic plot types}{chapter.4}% 46
\BOOKMARK [1][-]{section.4.4}{4.4 Displaying distributions}{chapter.4}% 47
\BOOKMARK [1][-]{section.4.5}{4.5 Dealing with overplotting}{chapter.4}% 48
\BOOKMARK [1][-]{section.4.6}{4.6 Surface plots}{chapter.4}% 49
\BOOKMARK [1][-]{section.4.7}{4.7 Drawing maps}{chapter.4}% 50
\BOOKMARK [1][-]{section.4.8}{4.8 Revealing uncertainty}{chapter.4}% 51
\BOOKMARK [1][-]{section.4.9}{4.9 Statistical summaries}{chapter.4}% 52
\BOOKMARK [2][-]{subsection.4.9.1}{4.9.1 Individual summary functions}{section.4.9}% 53
\BOOKMARK [2][-]{subsection.4.9.2}{4.9.2 Single summary function}{section.4.9}% 54
\BOOKMARK [1][-]{section.4.10}{4.10 Annotating a plot}{chapter.4}% 55
\BOOKMARK [1][-]{section.4.11}{4.11 Weighted data}{chapter.4}% 56
\BOOKMARK [0][-]{chapter.5}{5 Scales, axes and legends}{}% 57
\BOOKMARK [1][-]{section.5.1}{5.1 Introduction}{chapter.5}% 58
\BOOKMARK [1][-]{section.5.2}{5.2 How scales work}{chapter.5}% 59
\BOOKMARK [1][-]{section.5.3}{5.3 Usage}{chapter.5}% 60
\BOOKMARK [1][-]{section.5.4}{5.4 Scale details}{chapter.5}% 61
\BOOKMARK [2][-]{subsection.5.4.1}{5.4.1 Common arguments}{section.5.4}% 62
\BOOKMARK [2][-]{subsection.5.4.2}{5.4.2 Position scales}{section.5.4}% 63
\BOOKMARK [2][-]{subsection.5.4.3}{5.4.3 Colour}{section.5.4}% 64
\BOOKMARK [2][-]{subsection.5.4.4}{5.4.4 The manual discrete scale}{section.5.4}% 65
\BOOKMARK [2][-]{subsection.5.4.5}{5.4.5 The identity scale}{section.5.4}% 66
\BOOKMARK [1][-]{section.5.5}{5.5 Legends and axes}{chapter.5}% 67
\BOOKMARK [1][-]{section.5.6}{5.6 More resources}{chapter.5}% 68
\BOOKMARK [0][-]{chapter.6}{6 Positioning}{}% 69
\BOOKMARK [1][-]{section.6.1}{6.1 Introduction}{chapter.6}% 70
\BOOKMARK [1][-]{section.6.2}{6.2 Faceting}{chapter.6}% 71
\BOOKMARK [2][-]{subsection.6.2.1}{6.2.1 Facet grid}{section.6.2}% 72
\BOOKMARK [2][-]{subsection.6.2.2}{6.2.2 Facet wrap}{section.6.2}% 73
\BOOKMARK [2][-]{subsection.6.2.3}{6.2.3 Controlling scales}{section.6.2}% 74
\BOOKMARK [2][-]{subsection.6.2.4}{6.2.4 Missing faceting variables}{section.6.2}% 75
\BOOKMARK [2][-]{subsection.6.2.5}{6.2.5 Grouping vs. faceting}{section.6.2}% 76
\BOOKMARK [2][-]{subsection.6.2.6}{6.2.6 Dodging vs. faceting}{section.6.2}% 77
\BOOKMARK [2][-]{subsection.6.2.7}{6.2.7 Continuous variables}{section.6.2}% 78
\BOOKMARK [1][-]{section.6.3}{6.3 Coordinate systems}{chapter.6}% 79
\BOOKMARK [2][-]{subsection.6.3.1}{6.3.1 Transformation}{section.6.3}% 80
\BOOKMARK [2][-]{subsection.6.3.2}{6.3.2 Statistics}{section.6.3}% 81
\BOOKMARK [2][-]{subsection.6.3.3}{6.3.3 Cartesian coordinate systems}{section.6.3}% 82
\BOOKMARK [2][-]{subsection.6.3.4}{6.3.4 Non-Cartesian coordinate systems}{section.6.3}% 83
\BOOKMARK [0][-]{chapter.7}{7 Polishing your plots for publication}{}% 84
\BOOKMARK [1][-]{section.7.1}{7.1 Themes}{chapter.7}% 85
\BOOKMARK [2][-]{subsection.7.1.1}{7.1.1 Built-in themes}{section.7.1}% 86
\BOOKMARK [2][-]{subsection.7.1.2}{7.1.2 Theme elements and element functions}{section.7.1}% 87
\BOOKMARK [1][-]{section.7.2}{7.2 Customising scales and geoms}{chapter.7}% 88
\BOOKMARK [2][-]{subsection.7.2.1}{7.2.1 Scales}{section.7.2}% 89
\BOOKMARK [2][-]{subsection.7.2.2}{7.2.2 Geoms and stats}{section.7.2}% 90
\BOOKMARK [1][-]{section.7.3}{7.3 Saving your output}{chapter.7}% 91
\BOOKMARK [1][-]{section.7.4}{7.4 Multiple plots on the same page}{chapter.7}% 92
\BOOKMARK [2][-]{subsection.7.4.1}{7.4.1 Subplots}{section.7.4}% 93
\BOOKMARK [2][-]{subsection.7.4.2}{7.4.2 Rectangular grids}{section.7.4}% 94
\BOOKMARK [0][-]{chapter.8}{8 Manipulating data}{}% 95
\BOOKMARK [1][-]{section.8.1}{8.1 An introduction to plyr}{chapter.8}% 96
\BOOKMARK [2][-]{subsection.8.1.1}{8.1.1 Fitting multiple models}{section.8.1}% 97
\BOOKMARK [1][-]{section.8.2}{8.2 Converting data from wide to long}{chapter.8}% 98
\BOOKMARK [2][-]{subsection.8.2.1}{8.2.1 Multiple time series}{section.8.2}% 99
\BOOKMARK [2][-]{subsection.8.2.2}{8.2.2 Parallel coordinates plot}{section.8.2}% 100
\BOOKMARK [1][-]{section.8.3}{8.3 !ggplot\(\)! methods}{chapter.8}% 101
\BOOKMARK [2][-]{subsection.8.3.1}{8.3.1 Linear models}{section.8.3}% 102
\BOOKMARK [2][-]{subsection.8.3.2}{8.3.2 Writing your own}{section.8.3}% 103
\BOOKMARK [0][-]{chapter.9}{9 Reducing duplication}{}% 104
\BOOKMARK [1][-]{section.9.1}{9.1 Introduction}{chapter.9}% 105
\BOOKMARK [1][-]{section.9.2}{9.2 Iteration}{chapter.9}% 106
\BOOKMARK [1][-]{section.9.3}{9.3 Plot templates}{chapter.9}% 107
\BOOKMARK [1][-]{section.9.4}{9.4 Plot functions}{chapter.9}% 108
\BOOKMARK [-1][-]{section.9.4}{Appendices}{}% 109
\BOOKMARK [0][-]{appendix.A}{A Translating between different syntaxes}{section.9.4}% 110
\BOOKMARK [1][-]{section.A.1}{A.1 Introduction}{appendix.A}% 111
\BOOKMARK [1][-]{section.A.2}{A.2 Translating between qplot and ggplot}{appendix.A}% 112
\BOOKMARK [2][-]{subsection.A.2.1}{A.2.1 Aesthetics}{section.A.2}% 113
\BOOKMARK [2][-]{subsection.A.2.2}{A.2.2 Layers}{section.A.2}% 114
\BOOKMARK [2][-]{subsection.A.2.3}{A.2.3 Scales and axes}{section.A.2}% 115
\BOOKMARK [2][-]{subsection.A.2.4}{A.2.4 Plot options}{section.A.2}% 116
\BOOKMARK [1][-]{section.A.3}{A.3 Base graphics}{appendix.A}% 117
\BOOKMARK [2][-]{subsection.A.3.1}{A.3.1 High-level plotting commands}{section.A.3}% 118
\BOOKMARK [2][-]{subsection.A.3.2}{A.3.2 Low-level drawing}{section.A.3}% 119
\BOOKMARK [2][-]{subsection.A.3.3}{A.3.3 Legends, axes and grid lines}{section.A.3}% 120
\BOOKMARK [2][-]{subsection.A.3.4}{A.3.4 Colour palettes}{section.A.3}% 121
\BOOKMARK [2][-]{subsection.A.3.5}{A.3.5 Graphical parameters}{section.A.3}% 122
\BOOKMARK [1][-]{section.A.4}{A.4 Lattice graphics}{appendix.A}% 123
\BOOKMARK [1][-]{section.A.5}{A.5 GPL}{appendix.A}% 124
\BOOKMARK [0][-]{appendix.B}{B Aesthetic specifications}{section.9.4}% 125
\BOOKMARK [1][-]{section.B.1}{B.1 Colour}{appendix.B}% 126
\BOOKMARK [1][-]{section.B.2}{B.2 Line type}{appendix.B}% 127
\BOOKMARK [1][-]{section.B.3}{B.3 Shape}{appendix.B}% 128
\BOOKMARK [1][-]{section.B.4}{B.4 Size}{appendix.B}% 129
\BOOKMARK [1][-]{section.B.5}{B.5 Justification}{appendix.B}% 130
\BOOKMARK [0][-]{appendix.C}{C Manipulating plot rendering with !grid!}{section.9.4}% 131
\BOOKMARK [1][-]{section.C.1}{C.1 Introduction}{appendix.C}% 132
\BOOKMARK [1][-]{section.C.2}{C.2 Plot viewports}{appendix.C}% 133
\BOOKMARK [1][-]{section.C.3}{C.3 Plot grobs}{appendix.C}% 134
\BOOKMARK [1][-]{section.C.4}{C.4 Saving your work}{appendix.C}% 135
