\BOOKMARK [-1][-]{part.1}{Part I Getting started}{}% 1
\BOOKMARK [0][-]{chapter.1}{Introduction}{part.1}% 2
\BOOKMARK [1][-]{section.1.1}{Welcome to ggplot2}{chapter.1}% 3
\BOOKMARK [1][-]{section.1.2}{What is the grammar of graphics?}{chapter.1}% 4
\BOOKMARK [1][-]{section.1.3}{How does ggplot2 fit in with other R graphics?}{chapter.1}% 5
\BOOKMARK [1][-]{section.1.4}{About this book}{chapter.1}% 6
\BOOKMARK [1][-]{section.1.5}{Installation}{chapter.1}% 7
\BOOKMARK [1][-]{section.1.6}{Other resources}{chapter.1}% 8
\BOOKMARK [1][-]{section.1.7}{Colophon}{chapter.1}% 9
\BOOKMARK [1][-]{section*.6}{References}{chapter.1}% 10
\BOOKMARK [0][-]{chapter.2}{Getting started with ggplot2}{part.1}% 11
\BOOKMARK [1][-]{section.2.1}{Introduction}{chapter.2}% 12
\BOOKMARK [1][-]{section.2.2}{Fuel economy data}{chapter.2}% 13
\BOOKMARK [2][-]{subsection.2.2.1}{Exercises}{section.2.2}% 14
\BOOKMARK [1][-]{section.2.3}{Key components}{chapter.2}% 15
\BOOKMARK [2][-]{subsection.2.3.1}{Exercises}{section.2.3}% 16
\BOOKMARK [1][-]{section.2.4}{Colour, size, shape and other aesthetic attributes}{chapter.2}% 17
\BOOKMARK [2][-]{subsection.2.4.1}{Exercises}{section.2.4}% 18
\BOOKMARK [1][-]{section.2.5}{Facetting}{chapter.2}% 19
\BOOKMARK [2][-]{subsection.2.5.1}{Exercises}{section.2.5}% 20
\BOOKMARK [1][-]{section.2.6}{Plot geoms}{chapter.2}% 21
\BOOKMARK [2][-]{subsection.2.6.1}{Adding a smoother to a plot}{section.2.6}% 22
\BOOKMARK [2][-]{subsection.2.6.2}{Boxplots and jittered points}{section.2.6}% 23
\BOOKMARK [2][-]{subsection.2.6.3}{Histograms and frequency polygons}{section.2.6}% 24
\BOOKMARK [2][-]{subsection.2.6.4}{Bar charts}{section.2.6}% 25
\BOOKMARK [2][-]{subsection.2.6.5}{Time series with line and path plots}{section.2.6}% 26
\BOOKMARK [2][-]{subsection.2.6.6}{Exercises}{section.2.6}% 27
\BOOKMARK [1][-]{section.2.7}{Modifying the axes}{chapter.2}% 28
\BOOKMARK [1][-]{section.2.8}{Output}{chapter.2}% 29
\BOOKMARK [1][-]{section.2.9}{Quick plots}{chapter.2}% 30
\BOOKMARK [0][-]{chapter.3}{Toolbox}{part.1}% 31
\BOOKMARK [1][-]{section.3.1}{Introduction}{chapter.3}% 32
\BOOKMARK [1][-]{section.3.2}{Basic plot types}{chapter.3}% 33
\BOOKMARK [2][-]{subsection.3.2.1}{Exercises}{section.3.2}% 34
\BOOKMARK [1][-]{section.3.3}{Labels}{chapter.3}% 35
\BOOKMARK [1][-]{section.3.4}{Annotations}{chapter.3}% 36
\BOOKMARK [1][-]{section.3.5}{Collective geoms}{chapter.3}% 37
\BOOKMARK [2][-]{subsection.3.5.1}{Multiple groups, one aesthetic}{section.3.5}% 38
\BOOKMARK [2][-]{subsection.3.5.2}{Different groups on different layers}{section.3.5}% 39
\BOOKMARK [2][-]{subsection.3.5.3}{Overriding the default grouping}{section.3.5}% 40
\BOOKMARK [2][-]{subsection.3.5.4}{Matching aesthetics to graphic objects}{section.3.5}% 41
\BOOKMARK [2][-]{subsection.3.5.5}{Exercises}{section.3.5}% 42
\BOOKMARK [1][-]{section.3.6}{Surface plots}{chapter.3}% 43
\BOOKMARK [1][-]{section.3.7}{Drawing maps}{chapter.3}% 44
\BOOKMARK [2][-]{subsection.3.7.1}{Vector boundaries}{section.3.7}% 45
\BOOKMARK [2][-]{subsection.3.7.2}{Point metadata}{section.3.7}% 46
\BOOKMARK [2][-]{subsection.3.7.3}{Raster images}{section.3.7}% 47
\BOOKMARK [2][-]{subsection.3.7.4}{Area metadata}{section.3.7}% 48
\BOOKMARK [1][-]{section.3.8}{Revealing uncertainty}{chapter.3}% 49
\BOOKMARK [1][-]{section.3.9}{Weighted data}{chapter.3}% 50
\BOOKMARK [1][-]{section.3.10}{Diamonds data}{chapter.3}% 51
\BOOKMARK [1][-]{section.3.11}{Displaying distributions}{chapter.3}% 52
\BOOKMARK [2][-]{subsection.3.11.1}{Exercises}{section.3.11}% 53
\BOOKMARK [1][-]{section.3.12}{Dealing with overplotting}{chapter.3}% 54
\BOOKMARK [1][-]{section.3.13}{Statistical summaries}{chapter.3}% 55
\BOOKMARK [1][-]{section.3.14}{Add-on packages}{chapter.3}% 56
\BOOKMARK [1][-]{section*.7}{References}{chapter.3}% 57
\BOOKMARK [-1][-]{part.2}{Part II The Grammar}{}% 58
\BOOKMARK [0][-]{chapter.4}{Mastering the grammar}{part.2}% 59
\BOOKMARK [1][-]{section.4.1}{Introduction}{chapter.4}% 60
\BOOKMARK [1][-]{section.4.2}{Building a scatterplot}{chapter.4}% 61
\BOOKMARK [2][-]{subsection.4.2.1}{Mapping aesthetics to data}{section.4.2}% 62
\BOOKMARK [2][-]{subsection.4.2.2}{Scaling}{section.4.2}% 63
\BOOKMARK [1][-]{section.4.3}{Adding complexity}{chapter.4}% 64
\BOOKMARK [1][-]{section.4.4}{Components of the layered grammar}{chapter.4}% 65
\BOOKMARK [2][-]{subsection.4.4.1}{Layers}{section.4.4}% 66
\BOOKMARK [2][-]{subsection.4.4.2}{Scales}{section.4.4}% 67
\BOOKMARK [2][-]{subsection.4.4.3}{Coordinate system}{section.4.4}% 68
\BOOKMARK [2][-]{subsection.4.4.4}{Facetting}{section.4.4}% 69
\BOOKMARK [1][-]{section.4.5}{Exercises}{chapter.4}% 70
\BOOKMARK [1][-]{section*.8}{References}{chapter.4}% 71
\BOOKMARK [0][-]{chapter.5}{Build a plot layer by layer}{part.2}% 72
\BOOKMARK [1][-]{section.5.1}{Introduction}{chapter.5}% 73
\BOOKMARK [1][-]{section.5.2}{Building a plot}{chapter.5}% 74
\BOOKMARK [1][-]{section.5.3}{Data}{chapter.5}% 75
\BOOKMARK [2][-]{subsection.5.3.1}{Exercises}{section.5.3}% 76
\BOOKMARK [1][-]{section.5.4}{Aesthetic mappings}{chapter.5}% 77
\BOOKMARK [2][-]{subsection.5.4.1}{Specifying the aesthetics in the plot vs. in the layers}{section.5.4}% 78
\BOOKMARK [2][-]{subsection.5.4.2}{Setting vs. mapping}{section.5.4}% 79
\BOOKMARK [2][-]{subsection.5.4.3}{Exercises}{section.5.4}% 80
\BOOKMARK [1][-]{section.5.5}{Geoms}{chapter.5}% 81
\BOOKMARK [2][-]{subsection.5.5.1}{Exercises}{section.5.5}% 82
\BOOKMARK [1][-]{section.5.6}{Stats}{chapter.5}% 83
\BOOKMARK [2][-]{subsection.5.6.1}{Generated variables}{section.5.6}% 84
\BOOKMARK [2][-]{subsection.5.6.2}{Exercises}{section.5.6}% 85
\BOOKMARK [1][-]{section.5.7}{Position adjustments}{chapter.5}% 86
\BOOKMARK [2][-]{subsection.5.7.1}{Exercises}{section.5.7}% 87
\BOOKMARK [0][-]{chapter.6}{Scales, axes and legends}{part.2}% 88
\BOOKMARK [1][-]{section.6.1}{Introduction}{chapter.6}% 89
\BOOKMARK [1][-]{section.6.2}{Modifying scales}{chapter.6}% 90
\BOOKMARK [2][-]{subsection.6.2.1}{Exercises}{section.6.2}% 91
\BOOKMARK [1][-]{section.6.3}{Guides: legends and axes}{chapter.6}% 92
\BOOKMARK [2][-]{subsection.6.3.1}{Scale title}{section.6.3}% 93
\BOOKMARK [2][-]{subsection.6.3.2}{Breaks and labels}{section.6.3}% 94
\BOOKMARK [2][-]{subsection.6.3.3}{Exercises}{section.6.3}% 95
\BOOKMARK [1][-]{section.6.4}{Legends}{chapter.6}% 96
\BOOKMARK [2][-]{subsection.6.4.1}{Layers and legends}{section.6.4}% 97
\BOOKMARK [2][-]{subsection.6.4.2}{Legend layout}{section.6.4}% 98
\BOOKMARK [2][-]{subsection.6.4.3}{Guide functions}{section.6.4}% 99
\BOOKMARK [2][-]{subsection.6.4.4}{Exercises}{section.6.4}% 100
\BOOKMARK [1][-]{section.6.5}{Limits}{chapter.6}% 101
\BOOKMARK [2][-]{subsection.6.5.1}{Exercises}{section.6.5}% 102
\BOOKMARK [1][-]{section.6.6}{Scales toolbox}{chapter.6}% 103
\BOOKMARK [2][-]{subsection.6.6.1}{Continuous position scales}{section.6.6}% 104
\BOOKMARK [2][-]{subsection.6.6.2}{Colour}{section.6.6}% 105
\BOOKMARK [2][-]{subsection.6.6.3}{The manual discrete scale}{section.6.6}% 106
\BOOKMARK [2][-]{subsection.6.6.4}{The identity scale}{section.6.6}% 107
\BOOKMARK [2][-]{subsection.6.6.5}{Exercises}{section.6.6}% 108
\BOOKMARK [1][-]{section*.9}{References}{chapter.6}% 109
\BOOKMARK [0][-]{chapter.7}{Positioning}{part.2}% 110
\BOOKMARK [1][-]{section.7.1}{Introduction}{chapter.7}% 111
\BOOKMARK [1][-]{section.7.2}{Facetting}{chapter.7}% 112
\BOOKMARK [2][-]{subsection.7.2.1}{Facet wrap}{section.7.2}% 113
\BOOKMARK [2][-]{subsection.7.2.2}{Facet grid}{section.7.2}% 114
\BOOKMARK [2][-]{subsection.7.2.3}{Controlling scales}{section.7.2}% 115
\BOOKMARK [2][-]{subsection.7.2.4}{Missing facetting variables}{section.7.2}% 116
\BOOKMARK [2][-]{subsection.7.2.5}{Grouping vs. facetting}{section.7.2}% 117
\BOOKMARK [2][-]{subsection.7.2.6}{Continuous variables}{section.7.2}% 118
\BOOKMARK [2][-]{subsection.7.2.7}{Exercises}{section.7.2}% 119
\BOOKMARK [1][-]{section.7.3}{Coordinate systems}{chapter.7}% 120
\BOOKMARK [1][-]{section.7.4}{Linear coordinate systems}{chapter.7}% 121
\BOOKMARK [2][-]{subsection.7.4.1}{Zooming into a plot with coord\137cartesian\(\)}{section.7.4}% 122
\BOOKMARK [2][-]{subsection.7.4.2}{Flipping the axes with coord\137flip\(\)}{section.7.4}% 123
\BOOKMARK [2][-]{subsection.7.4.3}{Equal scales with coord\137fixed\(\)}{section.7.4}% 124
\BOOKMARK [1][-]{section.7.5}{Non-linear coordinate systems}{chapter.7}% 125
\BOOKMARK [2][-]{subsection.7.5.1}{Transformations with coord\137trans\(\)}{section.7.5}% 126
\BOOKMARK [2][-]{subsection.7.5.2}{Polar coordinates with coord\137polar\(\)}{section.7.5}% 127
\BOOKMARK [2][-]{subsection.7.5.3}{Map projections with coord\137map\(\)}{section.7.5}% 128
\BOOKMARK [0][-]{chapter.8}{Themes}{part.2}% 129
\BOOKMARK [1][-]{section.8.1}{Introduction}{chapter.8}% 130
\BOOKMARK [1][-]{section.8.2}{Complete themes}{chapter.8}% 131
\BOOKMARK [2][-]{subsection.8.2.1}{Exercises}{section.8.2}% 132
\BOOKMARK [1][-]{section.8.3}{Modifying theme components}{chapter.8}% 133
\BOOKMARK [1][-]{section.8.4}{Theme elements}{chapter.8}% 134
\BOOKMARK [2][-]{subsection.8.4.1}{Plot elements}{section.8.4}% 135
\BOOKMARK [2][-]{subsection.8.4.2}{Axis elements}{section.8.4}% 136
\BOOKMARK [2][-]{subsection.8.4.3}{Legend elements}{section.8.4}% 137
\BOOKMARK [2][-]{subsection.8.4.4}{Panel elements}{section.8.4}% 138
\BOOKMARK [2][-]{subsection.8.4.5}{Facetting elements}{section.8.4}% 139
\BOOKMARK [2][-]{subsection.8.4.6}{Exercises}{section.8.4}% 140
\BOOKMARK [1][-]{section.8.5}{Saving your output}{chapter.8}% 141
\BOOKMARK [1][-]{section*.10}{References}{chapter.8}% 142
\BOOKMARK [-1][-]{part.3}{Part III Data analysis}{}% 143
\BOOKMARK [0][-]{chapter.9}{Data analysis}{part.3}% 144
\BOOKMARK [1][-]{section.9.1}{Introduction}{chapter.9}% 145
\BOOKMARK [1][-]{section.9.2}{Tidy data}{chapter.9}% 146
\BOOKMARK [1][-]{section.9.3}{Spread and gather}{chapter.9}% 147
\BOOKMARK [2][-]{subsection.9.3.1}{Gather}{section.9.3}% 148
\BOOKMARK [2][-]{subsection.9.3.2}{Spread}{section.9.3}% 149
\BOOKMARK [2][-]{subsection.9.3.3}{Exercises}{section.9.3}% 150
\BOOKMARK [1][-]{section.9.4}{Separate and unite}{chapter.9}% 151
\BOOKMARK [2][-]{subsection.9.4.1}{Exercises}{section.9.4}% 152
\BOOKMARK [1][-]{section.9.5}{Case studies}{chapter.9}% 153
\BOOKMARK [2][-]{subsection.9.5.1}{Blood pressure}{section.9.5}% 154
\BOOKMARK [2][-]{subsection.9.5.2}{Test scores}{section.9.5}% 155
\BOOKMARK [1][-]{section.9.6}{Learning more}{chapter.9}% 156
\BOOKMARK [1][-]{section*.11}{References}{chapter.9}% 157
\BOOKMARK [0][-]{chapter.10}{Data transformation}{part.3}% 158
\BOOKMARK [1][-]{section.10.1}{Introduction}{chapter.10}% 159
\BOOKMARK [1][-]{section.10.2}{Filter observations}{chapter.10}% 160
\BOOKMARK [2][-]{subsection.10.2.1}{Useful tools}{section.10.2}% 161
\BOOKMARK [2][-]{subsection.10.2.2}{Missing values}{section.10.2}% 162
\BOOKMARK [2][-]{subsection.10.2.3}{Exercises}{section.10.2}% 163
\BOOKMARK [1][-]{section.10.3}{Create new variables}{chapter.10}% 164
\BOOKMARK [2][-]{subsection.10.3.1}{Useful tools}{section.10.3}% 165
\BOOKMARK [2][-]{subsection.10.3.2}{Exercises}{section.10.3}% 166
\BOOKMARK [1][-]{section.10.4}{Group-wise summaries}{chapter.10}% 167
\BOOKMARK [2][-]{subsection.10.4.1}{Useful tools}{section.10.4}% 168
\BOOKMARK [2][-]{subsection.10.4.2}{Statistical considerations}{section.10.4}% 169
\BOOKMARK [2][-]{subsection.10.4.3}{Exercises}{section.10.4}% 170
\BOOKMARK [1][-]{section.10.5}{Transformation pipelines}{chapter.10}% 171
\BOOKMARK [2][-]{subsection.10.5.1}{Exercises}{section.10.5}% 172
\BOOKMARK [1][-]{section.10.6}{Learning more}{chapter.10}% 173
\BOOKMARK [1][-]{section*.12}{References}{chapter.10}% 174
\BOOKMARK [0][-]{chapter.11}{Modelling for visualisation}{part.3}% 175
\BOOKMARK [1][-]{section.11.1}{Introduction}{chapter.11}% 176
\BOOKMARK [1][-]{section.11.2}{Removing trend}{chapter.11}% 177
\BOOKMARK [2][-]{subsection.11.2.1}{Exercises}{section.11.2}% 178
\BOOKMARK [1][-]{section.11.3}{Texas housing data}{chapter.11}% 179
\BOOKMARK [2][-]{subsection.11.3.1}{Exercises}{section.11.3}% 180
\BOOKMARK [1][-]{section.11.4}{Visualising models}{chapter.11}% 181
\BOOKMARK [1][-]{section.11.5}{Model-level summaries}{chapter.11}% 182
\BOOKMARK [2][-]{subsection.11.5.1}{Exercises}{section.11.5}% 183
\BOOKMARK [1][-]{section.11.6}{Coefficient-level summaries}{chapter.11}% 184
\BOOKMARK [2][-]{subsection.11.6.1}{Exercises}{section.11.6}% 185
\BOOKMARK [1][-]{section.11.7}{Observation data}{chapter.11}% 186
\BOOKMARK [2][-]{subsection.11.7.1}{Exercises}{section.11.7}% 187
\BOOKMARK [1][-]{section*.13}{References}{chapter.11}% 188
\BOOKMARK [0][-]{chapter.12}{Programming with ggplot2}{part.3}% 189
\BOOKMARK [1][-]{section.12.1}{Introduction}{chapter.12}% 190
\BOOKMARK [1][-]{section.12.2}{Single components}{chapter.12}% 191
\BOOKMARK [2][-]{subsection.12.2.1}{Exercises}{section.12.2}% 192
\BOOKMARK [1][-]{section.12.3}{Multiple components}{chapter.12}% 193
\BOOKMARK [2][-]{subsection.12.3.1}{Plot components}{section.12.3}% 194
\BOOKMARK [2][-]{subsection.12.3.2}{Annotation}{section.12.3}% 195
\BOOKMARK [2][-]{subsection.12.3.3}{Additional arguments}{section.12.3}% 196
\BOOKMARK [2][-]{subsection.12.3.4}{Exercises}{section.12.3}% 197
\BOOKMARK [1][-]{section.12.4}{Plot functions}{chapter.12}% 198
\BOOKMARK [2][-]{subsection.12.4.1}{Indirectly referring to variables}{section.12.4}% 199
\BOOKMARK [2][-]{subsection.12.4.2}{The plot environment}{section.12.4}% 200
\BOOKMARK [2][-]{subsection.12.4.3}{Exercises}{section.12.4}% 201
\BOOKMARK [1][-]{section.12.5}{Functional programming}{chapter.12}% 202
\BOOKMARK [2][-]{subsection.12.5.1}{Exercises}{section.12.5}% 203
\BOOKMARK [0][-]{Item.175}{Index}{part.3}% 204
\BOOKMARK [0][-]{section*.14}{Code index}{part.3}% 205
