This is pdfTeX, Version 3.14159265-2.6-1.40.20 (TeX Live 2019) (preloaded format=pdflatex 2019.6.14)  15 JUN 2019 06:11
entering extended mode
 restricted \write18 enabled.
 %&-line parsing enabled.
**ggplot2-book.tex
(./ggplot2-book.tex
LaTeX2e <2018-12-01>

! LaTeX Error: File `svmono.cls' not found.

Type X to quit or <RETURN> to proceed,
or enter new name. (Default extension: cls)

Enter file name: 
! Emergency stop.
<read *> 
         
l.2 ^^M
       
*** (cannot \read from terminal in nonstop modes)

 
Here is how much of TeX's memory you used:
 10 strings out of 494553
 200 string characters out of 6177720
 52521 words of memory out of 5000000
 3778 multiletter control sequences out of 15000+600000
 3640 words of font info for 14 fonts, out of 8000000 for 9000
 14 hyphenation exceptions out of 8191
 10i,0n,8p,72b,8s stack positions out of 5000i,500n,10000p,200000b,80000s
!  ==> Fatal error occurred, no output PDF file produced!
